{"/home/runner/work/Whatsapp-Message-Forwarding-/Whatsapp-Message-Forwarding-/apps/forwarder/src/index.ts": {"path":"/home/runner/work/Whatsapp-Message-Forwarding-/Whatsapp-Message-Forwarding-/apps/forwarder/src/index.ts","statementMap":{"0":{"start":{"line":1,"column":0},"end":{"line":1,"column":43}},"1":{"start":{"line":2,"column":0},"end":{"line":2,"column":30}},"2":{"start":{"line":3,"column":0},"end":{"line":3,"column":45}},"3":{"start":{"line":4,"column":0},"end":{"line":4,"column":46}},"4":{"start":{"line":5,"column":0},"end":{"line":5,"column":43}},"5":{"start":{"line":6,"column":0},"end":{"line":6,"column":39}},"6":{"start":{"line":7,"column":0},"end":{"line":7,"column":47}},"7":{"start":{"line":8,"column":0},"end":{"line":8,"column":45}},"8":{"start":{"line":10,"column":12},"end":{"line":10,"column":21}},"9":{"start":{"line":13,"column":0},"end":{"line":19,"column":2}},"10":{"start":{"line":16,"column":6},"end":{"line":16,"column":24}},"11":{"start":{"line":22,"column":0},"end":{"line":24,"column":3}},"12":{"start":{"line":23,"column":2},"end":{"line":23,"column":66}},"13":{"start":{"line":27,"column":0},"end":{"line":27,"column":35}},"14":{"start":{"line":30,"column":0},"end":{"line":30,"column":33}},"15":{"start":{"line":33,"column":0},"end":{"line":33,"column":37}},"16":{"start":{"line":36,"column":0},"end":{"line":36,"column":29}},"17":{"start":{"line":39,"column":0},"end":{"line":41,"column":3}},"18":{"start":{"line":40,"column":2},"end":{"line":40,"column":47}},"19":{"start":{"line":44,"column":0},"end":{"line":58,"column":1}},"20":{"start":{"line":45,"column":2},"end":{"line":45,"column":17}},"21":{"start":{"line":46,"column":2},"end":{"line":57,"column":5}},"22":{"start":{"line":47,"column":4},"end":{"line":47,"column":72}},"23":{"start":{"line":48,"column":4},"end":{"line":48,"column":75}},"24":{"start":{"line":49,"column":4},"end":{"line":49,"column":88}},"25":{"start":{"line":50,"column":4},"end":{"line":50,"column":69}},"26":{"start":{"line":51,"column":4},"end":{"line":51,"column":77}},"27":{"start":{"line":52,"column":4},"end":{"line":56,"column":6}},"28":{"start":{"line":60,"column":0},"end":{"line":60,"column":19}}},"fnMap":{"0":{"name":"(anonymous_1)","decl":{"start":{"line":15,"column":12},"end":{"line":15,"column":13}},"loc":{"start":{"line":15,"column":40},"end":{"line":17,"column":5}}},"1":{"name":"(anonymous_2)","decl":{"start":{"line":22,"column":19},"end":{"line":22,"column":20}},"loc":{"start":{"line":22,"column":33},"end":{"line":24,"column":1}}},"2":{"name":"(anonymous_3)","decl":{"start":{"line":39,"column":8},"end":{"line":39,"column":9}},"loc":{"start":{"line":39,"column":22},"end":{"line":41,"column":1}}},"3":{"name":"(anonymous_4)","decl":{"start":{"line":46,"column":26},"end":{"line":46,"column":29}},"loc":{"start":{"line":46,"column":31},"end":{"line":57,"column":3}}}},"branchMap":{"0":{"loc":{"start":{"line":44,"column":0},"end":{"line":58,"column":1}},"type":"if","locations":[{"start":{"line":44,"column":0},"end":{"line":58,"column":1}}]},"1":{"loc":{"start":{"line":53,"column":6},"end":{"line":55,"column":59}},"type":"cond-expr","locations":[{"start":{"line":54,"column":10},"end":{"line":54,"column":76}},{"start":{"line":55,"column":10},"end":{"line":55,"column":59}}]}},"s":{"0":2,"1":2,"2":2,"3":2,"4":2,"5":2,"6":2,"7":2,"8":2,"9":2,"10":2,"11":2,"12":0,"13":2,"14":2,"15":2,"16":2,"17":2,"18":0,"19":2,"20":0,"21":0,"22":0,"23":0,"24":0,"25":0,"26":0,"27":0,"28":2},"f":{"0":2,"1":0,"2":0,"3":0},"b":{"0":[0],"1":[0,0]}}
,"/home/runner/work/Whatsapp-Message-Forwarding-/Whatsapp-Message-Forwarding-/apps/forwarder/src/config/index.ts": {"path":"/home/runner/work/Whatsapp-Message-Forwarding-/Whatsapp-Message-Forwarding-/apps/forwarder/src/config/index.ts","statementMap":{"0":{"start":{"line":1,"column":0},"end":{"line":1,"column":28}},"1":{"start":{"line":2,"column":0},"end":{"line":2,"column":24}},"2":{"start":{"line":5,"column":0},"end":{"line":5,"column":63}},"3":{"start":{"line":11,"column":16},"end":{"line":11,"column":33}},"4":{"start":{"line":12,"column":2},"end":{"line":14,"column":3}},"5":{"start":{"line":13,"column":4},"end":{"line":13,"column":70}},"6":{"start":{"line":15,"column":2},"end":{"line":15,"column":15}},"7":{"start":{"line":18,"column":15},"end":{"line":62,"column":2}},"8":{"start":{"line":41,"column":20},"end":{"line":41,"column":42}},"9":{"start":{"line":54,"column":16},"end":{"line":54,"column":24}},"10":{"start":{"line":55,"column":19},"end":{"line":55,"column":31}},"11":{"start":{"line":64,"column":0},"end":{"line":64,"column":22}}},"fnMap":{"0":{"name":"requireEnv","decl":{"start":{"line":10,"column":9},"end":{"line":10,"column":19}},"loc":{"start":{"line":10,"column":32},"end":{"line":16,"column":1}}},"1":{"name":"(anonymous_2)","decl":{"start":{"line":41,"column":13},"end":{"line":41,"column":14}},"loc":{"start":{"line":41,"column":20},"end":{"line":41,"column":42}}},"2":{"name":"(anonymous_3)","decl":{"start":{"line":54,"column":9},"end":{"line":54,"column":10}},"loc":{"start":{"line":54,"column":16},"end":{"line":54,"column":24}}},"3":{"name":"(anonymous_4)","decl":{"start":{"line":55,"column":12},"end":{"line":55,"column":13}},"loc":{"start":{"line":55,"column":19},"end":{"line":55,"column":31}}}},"branchMap":{"0":{"loc":{"start":{"line":12,"column":2},"end":{"line":14,"column":3}},"type":"if","locations":[{"start":{"line":12,"column":2},"end":{"line":14,"column":3}}]},"1":{"loc":{"start":{"line":32,"column":17},"end":{"line":32,"column":46}},"type":"binary-expr","locations":[{"start":{"line":32,"column":17},"end":{"line":32,"column":36}},{"start":{"line":32,"column":40},"end":{"line":32,"column":46}}]},"2":{"loc":{"start":{"line":38,"column":18},"end":{"line":43,"column":8}},"type":"cond-expr","locations":[{"start":{"line":39,"column":6},"end":{"line":42,"column":24}},{"start":{"line":43,"column":6},"end":{"line":43,"column":8}}]},"3":{"loc":{"start":{"line":46,"column":12},"end":{"line":46,"column":46}},"type":"binary-expr","locations":[{"start":{"line":46,"column":12},"end":{"line":46,"column":36}},{"start":{"line":46,"column":40},"end":{"line":46,"column":46}}]},"4":{"loc":{"start":{"line":49,"column":13},"end":{"line":49,"column":53}},"type":"binary-expr","locations":[{"start":{"line":49,"column":13},"end":{"line":49,"column":47}},{"start":{"line":49,"column":51},"end":{"line":49,"column":53}}]},"5":{"loc":{"start":{"line":52,"column":21},"end":{"line":52,"column":60}},"type":"binary-expr","locations":[{"start":{"line":52,"column":21},"end":{"line":52,"column":54}},{"start":{"line":52,"column":58},"end":{"line":52,"column":60}}]},"6":{"loc":{"start":{"line":58,"column":29},"end":{"line":58,"column":69}},"type":"binary-expr","locations":[{"start":{"line":58,"column":29},"end":{"line":58,"column":62}},{"start":{"line":58,"column":66},"end":{"line":58,"column":69}}]},"7":{"loc":{"start":{"line":61,"column":29},"end":{"line":61,"column":73}},"type":"binary-expr","locations":[{"start":{"line":61,"column":29},"end":{"line":61,"column":63}},{"start":{"line":61,"column":67},"end":{"line":61,"column":73}}]}},"s":{"0":7,"1":7,"2":7,"3":28,"4":28,"5":0,"6":28,"7":7,"8":0,"9":7,"10":7,"11":7},"f":{"0":28,"1":0,"2":7,"3":7},"b":{"0":[0],"1":[7,7],"2":[0,7],"3":[7,0],"4":[7,7],"5":[7,7],"6":[7,7],"7":[7,7]}}
,"/home/runner/work/Whatsapp-Message-Forwarding-/Whatsapp-Message-Forwarding-/apps/forwarder/src/controllers/configController.ts": {"path":"/home/runner/work/Whatsapp-Message-Forwarding-/Whatsapp-Message-Forwarding-/apps/forwarder/src/controllers/configController.ts","statementMap":{"0":{"start":{"line":11,"column":0},"end":{"line":11,"column":16}},"1":{"start":{"line":26,"column":0},"end":{"line":26,"column":16}},"2":{"start":{"line":2,"column":0},"end":{"line":2,"column":88}},"3":{"start":{"line":3,"column":0},"end":{"line":3,"column":47}},"4":{"start":{"line":6,"column":37},"end":{"line":6,"column":66}},"5":{"start":{"line":12,"column":2},"end":{"line":12,"column":32}},"6":{"start":{"line":27,"column":38},"end":{"line":27,"column":95}},"7":{"start":{"line":30,"column":24},"end":{"line":30,"column":50}},"8":{"start":{"line":31,"column":2},"end":{"line":35,"column":3}},"9":{"start":{"line":32,"column":4},"end":{"line":32,"column":68}},"10":{"start":{"line":33,"column":4},"end":{"line":33,"column":73}},"11":{"start":{"line":34,"column":4},"end":{"line":34,"column":11}},"12":{"start":{"line":38,"column":2},"end":{"line":41,"column":3}},"13":{"start":{"line":39,"column":4},"end":{"line":39,"column":63}},"14":{"start":{"line":40,"column":4},"end":{"line":40,"column":11}},"15":{"start":{"line":44,"column":18},"end":{"line":44,"column":48}},"16":{"start":{"line":45,"column":2},"end":{"line":51,"column":3}},"17":{"start":{"line":46,"column":4},"end":{"line":49,"column":7}},"18":{"start":{"line":50,"column":4},"end":{"line":50,"column":11}},"19":{"start":{"line":53,"column":19},"end":{"line":53,"column":41}},"20":{"start":{"line":54,"column":2},"end":{"line":54,"column":35}},"21":{"start":{"line":55,"column":2},"end":{"line":55,"column":34}},"22":{"start":{"line":57,"column":2},"end":{"line":57,"column":99}},"23":{"start":{"line":59,"column":2},"end":{"line":64,"column":5}}},"fnMap":{"0":{"name":"getForwardToNumber","decl":{"start":{"line":11,"column":16},"end":{"line":11,"column":34}},"loc":{"start":{"line":11,"column":34},"end":{"line":13,"column":1}}},"1":{"name":"updateForwardToNumber","decl":{"start":{"line":26,"column":16},"end":{"line":26,"column":37}},"loc":{"start":{"line":26,"column":65},"end":{"line":65,"column":1}}}},"branchMap":{"0":{"loc":{"start":{"line":31,"column":2},"end":{"line":35,"column":3}},"type":"if","locations":[{"start":{"line":31,"column":2},"end":{"line":35,"column":3}}]},"1":{"loc":{"start":{"line":31,"column":6},"end":{"line":31,"column":52}},"type":"binary-expr","locations":[{"start":{"line":31,"column":6},"end":{"line":31,"column":20}},{"start":{"line":31,"column":24},"end":{"line":31,"column":52}}]},"2":{"loc":{"start":{"line":38,"column":2},"end":{"line":41,"column":3}},"type":"if","locations":[{"start":{"line":38,"column":2},"end":{"line":41,"column":3}}]},"3":{"loc":{"start":{"line":45,"column":2},"end":{"line":51,"column":3}},"type":"if","locations":[{"start":{"line":45,"column":2},"end":{"line":51,"column":3}}]},"4":{"loc":{"start":{"line":45,"column":6},"end":{"line":45,"column":47}},"type":"binary-expr","locations":[{"start":{"line":45,"column":6},"end":{"line":45,"column":24}},{"start":{"line":45,"column":28},"end":{"line":45,"column":47}}]}},"s":{"0":5,"1":5,"2":5,"3":5,"4":5,"5":5,"6":7,"7":7,"8":7,"9":2,"10":2,"11":2,"12":5,"13":1,"14":1,"15":4,"16":4,"17":2,"18":2,"19":2,"20":2,"21":2,"22":2,"23":2},"f":{"0":5,"1":7},"b":{"0":[2],"1":[7,7],"2":[1],"3":[2],"4":[4,3]}}
,"/home/runner/work/Whatsapp-Message-Forwarding-/Whatsapp-Message-Forwarding-/apps/forwarder/src/controllers/messagesController.ts": {"path":"/home/runner/work/Whatsapp-Message-Forwarding-/Whatsapp-Message-Forwarding-/apps/forwarder/src/controllers/messagesController.ts","statementMap":{"0":{"start":{"line":8,"column":0},"end":{"line":8,"column":16}},"1":{"start":{"line":30,"column":0},"end":{"line":30,"column":16}},"2":{"start":{"line":2,"column":0},"end":{"line":2,"column":89}},"3":{"start":{"line":9,"column":16},"end":{"line":9,"column":89}},"4":{"start":{"line":10,"column":17},"end":{"line":10,"column":74}},"5":{"start":{"line":12,"column":15},"end":{"line":12,"column":44}},"6":{"start":{"line":13,"column":16},"end":{"line":13,"column":36}},"7":{"start":{"line":15,"column":2},"end":{"line":23,"column":5}},"8":{"start":{"line":31,"column":16},"end":{"line":31,"column":33}},"9":{"start":{"line":32,"column":2},"end":{"line":32,"column":18}}},"fnMap":{"0":{"name":"getMessages","decl":{"start":{"line":8,"column":16},"end":{"line":8,"column":27}},"loc":{"start":{"line":8,"column":55},"end":{"line":24,"column":1}}},"1":{"name":"getStats","decl":{"start":{"line":30,"column":16},"end":{"line":30,"column":24}},"loc":{"start":{"line":30,"column":53},"end":{"line":33,"column":1}}}},"branchMap":{"0":{"loc":{"start":{"line":9,"column":25},"end":{"line":9,"column":83}},"type":"binary-expr","locations":[{"start":{"line":9,"column":25},"end":{"line":9,"column":77}},{"start":{"line":9,"column":81},"end":{"line":9,"column":83}}]},"1":{"loc":{"start":{"line":9,"column":35},"end":{"line":9,"column":72}},"type":"binary-expr","locations":[{"start":{"line":9,"column":35},"end":{"line":9,"column":64}},{"start":{"line":9,"column":68},"end":{"line":9,"column":72}}]},"2":{"loc":{"start":{"line":10,"column":17},"end":{"line":10,"column":74}},"type":"binary-expr","locations":[{"start":{"line":10,"column":17},"end":{"line":10,"column":69}},{"start":{"line":10,"column":73},"end":{"line":10,"column":74}}]},"3":{"loc":{"start":{"line":10,"column":27},"end":{"line":10,"column":64}},"type":"binary-expr","locations":[{"start":{"line":10,"column":27},"end":{"line":10,"column":57}},{"start":{"line":10,"column":61},"end":{"line":10,"column":64}}]}},"s":{"0":2,"1":2,"2":2,"3":4,"4":4,"5":4,"6":4,"7":4,"8":2,"9":2},"f":{"0":4,"1":2},"b":{"0":[4,0],"1":[4,3],"2":[4,4],"3":[4,3]}}
,"/home/runner/work/Whatsapp-Message-Forwarding-/Whatsapp-Message-Forwarding-/apps/forwarder/src/controllers/webhookController.ts": {"path":"/home/runner/work/Whatsapp-Message-Forwarding-/Whatsapp-Message-Forwarding-/apps/forwarder/src/controllers/webhookController.ts","statementMap":{"0":{"start":{"line":22,"column":0},"end":{"line":22,"column":16}},"1":{"start":{"line":51,"column":0},"end":{"line":51,"column":7}},"2":{"start":{"line":2,"column":0},"end":{"line":2,"column":31}},"3":{"start":{"line":3,"column":0},"end":{"line":3,"column":69}},"4":{"start":{"line":4,"column":0},"end":{"line":4,"column":48}},"5":{"start":{"line":5,"column":0},"end":{"line":5,"column":57}},"6":{"start":{"line":6,"column":0},"end":{"line":6,"column":47}},"7":{"start":{"line":7,"column":0},"end":{"line":7,"column":64}},"8":{"start":{"line":9,"column":0},"end":{"line":9,"column":57}},"9":{"start":{"line":10,"column":0},"end":{"line":10,"column":61}},"10":{"start":{"line":23,"column":15},"end":{"line":23,"column":36}},"11":{"start":{"line":24,"column":16},"end":{"line":24,"column":45}},"12":{"start":{"line":25,"column":20},"end":{"line":25,"column":46}},"13":{"start":{"line":27,"column":2},"end":{"line":27,"column":70}},"14":{"start":{"line":29,"column":2},"end":{"line":35,"column":3}},"15":{"start":{"line":30,"column":4},"end":{"line":30,"column":51}},"16":{"start":{"line":31,"column":4},"end":{"line":31,"column":36}},"17":{"start":{"line":33,"column":4},"end":{"line":33,"column":80}},"18":{"start":{"line":34,"column":4},"end":{"line":34,"column":24}},"19":{"start":{"line":53,"column":2},"end":{"line":53,"column":22}},"20":{"start":{"line":55,"column":18},"end":{"line":55,"column":44}},"21":{"start":{"line":58,"column":2},"end":{"line":61,"column":3}},"22":{"start":{"line":59,"column":4},"end":{"line":59,"column":76}},"23":{"start":{"line":60,"column":4},"end":{"line":60,"column":11}},"24":{"start":{"line":63,"column":19},"end":{"line":63,"column":43}},"25":{"start":{"line":65,"column":2},"end":{"line":68,"column":3}},"26":{"start":{"line":66,"column":4},"end":{"line":66,"column":86}},"27":{"start":{"line":67,"column":4},"end":{"line":67,"column":11}},"28":{"start":{"line":70,"column":2},"end":{"line":70,"column":71}},"29":{"start":{"line":72,"column":2},"end":{"line":117,"column":3}},"30":{"start":{"line":73,"column":24},"end":{"line":75,"column":20}},"31":{"start":{"line":77,"column":4},"end":{"line":79,"column":6}},"32":{"start":{"line":82,"column":19},"end":{"line":82,"column":45}},"33":{"start":{"line":84,"column":4},"end":{"line":89,"column":5}},"34":{"start":{"line":85,"column":6},"end":{"line":87,"column":8}},"35":{"start":{"line":88,"column":6},"end":{"line":88,"column":15}},"36":{"start":{"line":92,"column":4},"end":{"line":116,"column":5}},"37":{"start":{"line":94,"column":8},"end":{"line":96,"column":60}},"38":{"start":{"line":98,"column":22},"end":{"line":98,"column":85}},"39":{"start":{"line":99,"column":6},"end":{"line":113,"column":9}},"40":{"start":{"line":100,"column":8},"end":{"line":104,"column":9}},"41":{"start":{"line":101,"column":10},"end":{"line":101,"column":63}},"42":{"start":{"line":103,"column":10},"end":{"line":103,"column":82}},"43":{"start":{"line":105,"column":8},"end":{"line":112,"column":11}},"44":{"start":{"line":115,"column":6},"end":{"line":115,"column":99}}},"fnMap":{"0":{"name":"verifyWebhook","decl":{"start":{"line":22,"column":16},"end":{"line":22,"column":29}},"loc":{"start":{"line":22,"column":57},"end":{"line":36,"column":1}}},"1":{"name":"receiveWebhook","decl":{"start":{"line":51,"column":22},"end":{"line":51,"column":36}},"loc":{"start":{"line":51,"column":64},"end":{"line":118,"column":1}}},"2":{"name":"(anonymous_3)","decl":{"start":{"line":99,"column":22},"end":{"line":99,"column":23}},"loc":{"start":{"line":99,"column":49},"end":{"line":113,"column":7}}}},"branchMap":{"0":{"loc":{"start":{"line":29,"column":2},"end":{"line":35,"column":3}},"type":"if","locations":[{"start":{"line":29,"column":2},"end":{"line":35,"column":3}},{"start":{"line":32,"column":9},"end":{"line":35,"column":3}}]},"1":{"loc":{"start":{"line":29,"column":6},"end":{"line":29,"column":65}},"type":"binary-expr","locations":[{"start":{"line":29,"column":6},"end":{"line":29,"column":26}},{"start":{"line":29,"column":30},"end":{"line":29,"column":65}}]},"2":{"loc":{"start":{"line":58,"column":2},"end":{"line":61,"column":3}},"type":"if","locations":[{"start":{"line":58,"column":2},"end":{"line":61,"column":3}}]},"3":{"loc":{"start":{"line":65,"column":2},"end":{"line":68,"column":3}},"type":"if","locations":[{"start":{"line":65,"column":2},"end":{"line":68,"column":3}}]},"4":{"loc":{"start":{"line":73,"column":24},"end":{"line":75,"column":20}},"type":"cond-expr","locations":[{"start":{"line":74,"column":8},"end":{"line":74,"column":49}},{"start":{"line":75,"column":8},"end":{"line":75,"column":20}}]},"5":{"loc":{"start":{"line":84,"column":4},"end":{"line":89,"column":5}},"type":"if","locations":[{"start":{"line":84,"column":4},"end":{"line":89,"column":5}}]},"6":{"loc":{"start":{"line":94,"column":8},"end":{"line":96,"column":60}},"type":"cond-expr","locations":[{"start":{"line":95,"column":12},"end":{"line":95,"column":35}},{"start":{"line":96,"column":12},"end":{"line":96,"column":60}}]},"7":{"loc":{"start":{"line":96,"column":13},"end":{"line":96,"column":59}},"type":"binary-expr","locations":[{"start":{"line":96,"column":13},"end":{"line":96,"column":33}},{"start":{"line":96,"column":37},"end":{"line":96,"column":59}}]},"8":{"loc":{"start":{"line":100,"column":8},"end":{"line":104,"column":9}},"type":"if","locations":[{"start":{"line":100,"column":8},"end":{"line":104,"column":9}},{"start":{"line":102,"column":15},"end":{"line":104,"column":9}}]},"9":{"loc":{"start":{"line":110,"column":18},"end":{"line":110,"column":48}},"type":"cond-expr","locations":[{"start":{"line":110,"column":28},"end":{"line":110,"column":37}},{"start":{"line":110,"column":40},"end":{"line":110,"column":48}}]}},"s":{"0":2,"1":2,"2":2,"3":2,"4":2,"5":2,"6":2,"7":2,"8":2,"9":2,"10":3,"11":3,"12":3,"13":3,"14":3,"15":1,"16":1,"17":2,"18":2,"19":2,"20":2,"21":2,"22":1,"23":1,"24":1,"25":1,"26":1,"27":1,"28":0,"29":0,"30":0,"31":0,"32":0,"33":0,"34":0,"35":0,"36":0,"37":0,"38":0,"39":0,"40":0,"41":0,"42":0,"43":0,"44":0},"f":{"0":3,"1":2,"2":0},"b":{"0":[1,2],"1":[3,2],"2":[1],"3":[1],"4":[0,0],"5":[0],"6":[0,0],"7":[0,0],"8":[0,0],"9":[0,0]}}
,"/home/runner/work/Whatsapp-Message-Forwarding-/Whatsapp-Message-Forwarding-/apps/forwarder/src/db/configStore.ts": {"path":"/home/runner/work/Whatsapp-Message-Forwarding-/Whatsapp-Message-Forwarding-/apps/forwarder/src/db/configStore.ts","statementMap":{"0":{"start":{"line":10,"column":0},"end":{"line":10,"column":16}},"1":{"start":{"line":18,"column":0},"end":{"line":18,"column":16}},"2":{"start":{"line":26,"column":0},"end":{"line":26,"column":16}},"3":{"start":{"line":42,"column":0},"end":{"line":42,"column":16}},"4":{"start":{"line":1,"column":0},"end":{"line":1,"column":41}},"5":{"start":{"line":3,"column":34},"end":{"line":3,"column":53}},"6":{"start":{"line":11,"column":2},"end":{"line":11,"column":93}},"7":{"start":{"line":19,"column":2},"end":{"line":19,"column":57}},"8":{"start":{"line":27,"column":2},"end":{"line":35,"column":3}},"9":{"start":{"line":28,"column":15},"end":{"line":28,"column":28}},"10":{"start":{"line":29,"column":16},"end":{"line":29,"column":null}},"11":{"start":{"line":32,"column":4},"end":{"line":32,"column":30}},"12":{"start":{"line":34,"column":4},"end":{"line":34,"column":16}},"13":{"start":{"line":43,"column":2},"end":{"line":52,"column":3}},"14":{"start":{"line":44,"column":15},"end":{"line":44,"column":28}},"15":{"start":{"line":45,"column":4},"end":{"line":49,"column":48}}},"fnMap":{"0":{"name":"getPersistedForwardToNumber","decl":{"start":{"line":10,"column":16},"end":{"line":10,"column":43}},"loc":{"start":{"line":10,"column":43},"end":{"line":12,"column":1}}},"1":{"name":"persistForwardToNumber","decl":{"start":{"line":18,"column":16},"end":{"line":18,"column":38}},"loc":{"start":{"line":18,"column":58},"end":{"line":20,"column":1}}},"2":{"name":"getConfigValue","decl":{"start":{"line":26,"column":16},"end":{"line":26,"column":30}},"loc":{"start":{"line":26,"column":42},"end":{"line":36,"column":1}}},"3":{"name":"setConfigValue","decl":{"start":{"line":42,"column":16},"end":{"line":42,"column":30}},"loc":{"start":{"line":42,"column":57},"end":{"line":53,"column":1}}}},"branchMap":{"0":{"loc":{"start":{"line":11,"column":9},"end":{"line":11,"column":92}},"type":"binary-expr","locations":[{"start":{"line":11,"column":9},"end":{"line":11,"column":50}},{"start":{"line":11,"column":54},"end":{"line":11,"column":86}},{"start":{"line":11,"column":90},"end":{"line":11,"column":92}}]},"1":{"loc":{"start":{"line":32,"column":11},"end":{"line":32,"column":29}},"type":"binary-expr","locations":[{"start":{"line":32,"column":11},"end":{"line":32,"column":21}},{"start":{"line":32,"column":25},"end":{"line":32,"column":29}}]}},"s":{"0":5,"1":5,"2":5,"3":5,"4":5,"5":5,"6":5,"7":2,"8":5,"9":5,"10":1,"11":0,"12":5,"13":2,"14":2,"15":0},"f":{"0":5,"1":2,"2":5,"3":2},"b":{"0":[5,5,0],"1":[0,0]}}
,"/home/runner/work/Whatsapp-Message-Forwarding-/Whatsapp-Message-Forwarding-/apps/forwarder/src/db/database.ts": {"path":"/home/runner/work/Whatsapp-Message-Forwarding-/Whatsapp-Message-Forwarding-/apps/forwarder/src/db/database.ts","statementMap":{"0":{"start":{"line":13,"column":0},"end":{"line":13,"column":16}},"1":{"start":{"line":54,"column":0},"end":{"line":54,"column":16}},"2":{"start":{"line":1,"column":0},"end":{"line":1,"column":43}},"3":{"start":{"line":2,"column":0},"end":{"line":2,"column":20}},"4":{"start":{"line":3,"column":0},"end":{"line":3,"column":24}},"5":{"start":{"line":5,"column":40},"end":{"line":5,"column":44}},"6":{"start":{"line":7,"column":16},"end":{"line":7,"column":61}},"7":{"start":{"line":14,"column":17},"end":{"line":14,"column":38}},"8":{"start":{"line":15,"column":14},"end":{"line":15,"column":34}},"9":{"start":{"line":17,"column":2},"end":{"line":19,"column":3}},"10":{"start":{"line":18,"column":4},"end":{"line":18,"column":43}},"11":{"start":{"line":21,"column":2},"end":{"line":21,"column":33}},"12":{"start":{"line":24,"column":2},"end":{"line":24,"column":34}},"13":{"start":{"line":27,"column":2},"end":{"line":33,"column":5}},"14":{"start":{"line":36,"column":2},"end":{"line":47,"column":5}},"15":{"start":{"line":55,"column":2},"end":{"line":57,"column":3}},"16":{"start":{"line":56,"column":4},"end":{"line":56,"column":76}},"17":{"start":{"line":58,"column":2},"end":{"line":58,"column":12}}},"fnMap":{"0":{"name":"initDatabase","decl":{"start":{"line":13,"column":16},"end":{"line":13,"column":28}},"loc":{"start":{"line":13,"column":28},"end":{"line":48,"column":1}}},"1":{"name":"getDatabase","decl":{"start":{"line":54,"column":16},"end":{"line":54,"column":27}},"loc":{"start":{"line":54,"column":27},"end":{"line":59,"column":1}}}},"branchMap":{"0":{"loc":{"start":{"line":7,"column":16},"end":{"line":7,"column":61}},"type":"binary-expr","locations":[{"start":{"line":7,"column":16},"end":{"line":7,"column":38}},{"start":{"line":7,"column":42},"end":{"line":7,"column":61}}]},"1":{"loc":{"start":{"line":17,"column":2},"end":{"line":19,"column":3}},"type":"if","locations":[{"start":{"line":17,"column":2},"end":{"line":19,"column":3}}]},"2":{"loc":{"start":{"line":55,"column":2},"end":{"line":57,"column":3}},"type":"if","locations":[{"start":{"line":55,"column":2},"end":{"line":57,"column":3}}]}},"s":{"0":4,"1":4,"2":4,"3":4,"4":4,"5":4,"6":4,"7":0,"8":0,"9":0,"10":0,"11":0,"12":0,"13":0,"14":0,"15":6,"16":6,"17":0},"f":{"0":0,"1":6},"b":{"0":[4,4],"1":[0],"2":[6]}}
,"/home/runner/work/Whatsapp-Message-Forwarding-/Whatsapp-Message-Forwarding-/apps/forwarder/src/db/messageStore.ts": {"path":"/home/runner/work/Whatsapp-Message-Forwarding-/Whatsapp-Message-Forwarding-/apps/forwarder/src/db/messageStore.ts","statementMap":{"0":{"start":{"line":26,"column":0},"end":{"line":26,"column":16}},"1":{"start":{"line":45,"column":0},"end":{"line":45,"column":16}},"2":{"start":{"line":55,"column":0},"end":{"line":55,"column":16}},"3":{"start":{"line":66,"column":0},"end":{"line":66,"column":16}},"4":{"start":{"line":1,"column":0},"end":{"line":1,"column":41}},"5":{"start":{"line":27,"column":13},"end":{"line":27,"column":26}},"6":{"start":{"line":28,"column":2},"end":{"line":39,"column":4}},"7":{"start":{"line":46,"column":13},"end":{"line":46,"column":26}},"8":{"start":{"line":47,"column":2},"end":{"line":49,"column":40}},"9":{"start":{"line":56,"column":13},"end":{"line":56,"column":26}},"10":{"start":{"line":57,"column":14},"end":{"line":59,"column":31}},"11":{"start":{"line":60,"column":2},"end":{"line":60,"column":19}},"12":{"start":{"line":67,"column":13},"end":{"line":67,"column":26}},"13":{"start":{"line":68,"column":14},"end":{"line":76,"column":64}},"14":{"start":{"line":77,"column":2},"end":{"line":81,"column":4}}},"fnMap":{"0":{"name":"logMessage","decl":{"start":{"line":26,"column":16},"end":{"line":26,"column":26}},"loc":{"start":{"line":26,"column":49},"end":{"line":40,"column":1}}},"1":{"name":"getMessageLogs","decl":{"start":{"line":45,"column":16},"end":{"line":45,"column":30}},"loc":{"start":{"line":45,"column":69},"end":{"line":50,"column":1}}},"2":{"name":"getMessageLogCount","decl":{"start":{"line":55,"column":16},"end":{"line":55,"column":34}},"loc":{"start":{"line":55,"column":34},"end":{"line":61,"column":1}}},"3":{"name":"getMessageStats","decl":{"start":{"line":66,"column":16},"end":{"line":66,"column":31}},"loc":{"start":{"line":66,"column":31},"end":{"line":82,"column":1}}}},"branchMap":{"0":{"loc":{"start":{"line":35,"column":4},"end":{"line":35,"column":24}},"type":"binary-expr","locations":[{"start":{"line":35,"column":4},"end":{"line":35,"column":14}},{"start":{"line":35,"column":18},"end":{"line":35,"column":24}}]},"1":{"loc":{"start":{"line":37,"column":4},"end":{"line":37,"column":23}},"type":"binary-expr","locations":[{"start":{"line":37,"column":4},"end":{"line":37,"column":15}},{"start":{"line":37,"column":19},"end":{"line":37,"column":23}}]},"2":{"loc":{"start":{"line":45,"column":31},"end":{"line":45,"column":49}},"type":"default-arg","locations":[{"start":{"line":45,"column":47},"end":{"line":45,"column":49}}]},"3":{"loc":{"start":{"line":45,"column":51},"end":{"line":45,"column":69}},"type":"default-arg","locations":[{"start":{"line":45,"column":68},"end":{"line":45,"column":69}}]},"4":{"loc":{"start":{"line":79,"column":13},"end":{"line":79,"column":29}},"type":"binary-expr","locations":[{"start":{"line":79,"column":13},"end":{"line":79,"column":24}},{"start":{"line":79,"column":28},"end":{"line":79,"column":29}}]},"5":{"loc":{"start":{"line":80,"column":12},"end":{"line":80,"column":27}},"type":"binary-expr","locations":[{"start":{"line":80,"column":12},"end":{"line":80,"column":22}},{"start":{"line":80,"column":26},"end":{"line":80,"column":27}}]}},"s":{"0":3,"1":3,"2":3,"3":3,"4":3,"5":23,"6":23,"7":8,"8":8,"9":6,"10":6,"11":6,"12":4,"13":4,"14":4},"f":{"0":23,"1":8,"2":6,"3":4},"b":{"0":[23,22],"1":[23,22],"2":[0],"3":[0],"4":[4,2],"5":[4,2]}}
,"/home/runner/work/Whatsapp-Message-Forwarding-/Whatsapp-Message-Forwarding-/apps/forwarder/src/middleware/rateLimiter.ts": {"path":"/home/runner/work/Whatsapp-Message-Forwarding-/Whatsapp-Message-Forwarding-/apps/forwarder/src/middleware/rateLimiter.ts","statementMap":{"0":{"start":{"line":1,"column":0},"end":{"line":1,"column":43}},"1":{"start":{"line":8,"column":13},"end":{"line":15,"column":3}},"2":{"start":{"line":14,"column":17},"end":{"line":14,"column":37}},"3":{"start":{"line":22,"column":13},"end":{"line":28,"column":3}}},"fnMap":{"0":{"name":"(anonymous_1)","decl":{"start":{"line":14,"column":8},"end":{"line":14,"column":9}},"loc":{"start":{"line":14,"column":17},"end":{"line":14,"column":37}}}},"branchMap":{},"s":{"0":2,"1":2,"2":2,"3":2},"f":{"0":2},"b":{}}
,"/home/runner/work/Whatsapp-Message-Forwarding-/Whatsapp-Message-Forwarding-/apps/forwarder/src/middleware/webhookSignature.ts": {"path":"/home/runner/work/Whatsapp-Message-Forwarding-/Whatsapp-Message-Forwarding-/apps/forwarder/src/middleware/webhookSignature.ts","statementMap":{"0":{"start":{"line":11,"column":0},"end":{"line":11,"column":16}},"1":{"start":{"line":1,"column":0},"end":{"line":1,"column":28}},"2":{"start":{"line":3,"column":0},"end":{"line":3,"column":31}},"3":{"start":{"line":4,"column":0},"end":{"line":4,"column":47}},"4":{"start":{"line":12,"column":2},"end":{"line":18,"column":3}},"5":{"start":{"line":13,"column":4},"end":{"line":15,"column":6}},"6":{"start":{"line":16,"column":4},"end":{"line":16,"column":11}},"7":{"start":{"line":17,"column":4},"end":{"line":17,"column":11}},"8":{"start":{"line":20,"column":20},"end":{"line":20,"column":76}},"9":{"start":{"line":22,"column":2},"end":{"line":26,"column":3}},"10":{"start":{"line":23,"column":4},"end":{"line":23,"column":82}},"11":{"start":{"line":24,"column":4},"end":{"line":24,"column":64}},"12":{"start":{"line":25,"column":4},"end":{"line":25,"column":11}},"13":{"start":{"line":30,"column":18},"end":{"line":30,"column":87}},"14":{"start":{"line":31,"column":28},"end":{"line":34,"column":20}},"15":{"start":{"line":36,"column":20},"end":{"line":36,"column":42}},"16":{"start":{"line":37,"column":25},"end":{"line":37,"column":55}},"17":{"start":{"line":39,"column":2},"end":{"line":46,"column":3}},"18":{"start":{"line":43,"column":4},"end":{"line":43,"column":84}},"19":{"start":{"line":44,"column":4},"end":{"line":44,"column":57}},"20":{"start":{"line":45,"column":4},"end":{"line":45,"column":11}},"21":{"start":{"line":48,"column":2},"end":{"line":48,"column":58}},"22":{"start":{"line":49,"column":2},"end":{"line":49,"column":9}}},"fnMap":{"0":{"name":"verifyWebhookSignature","decl":{"start":{"line":11,"column":16},"end":{"line":11,"column":38}},"loc":{"start":{"line":11,"column":86},"end":{"line":50,"column":1}}}},"branchMap":{"0":{"loc":{"start":{"line":12,"column":2},"end":{"line":18,"column":3}},"type":"if","locations":[{"start":{"line":12,"column":2},"end":{"line":18,"column":3}}]},"1":{"loc":{"start":{"line":22,"column":2},"end":{"line":26,"column":3}},"type":"if","locations":[{"start":{"line":22,"column":2},"end":{"line":26,"column":3}}]},"2":{"loc":{"start":{"line":30,"column":18},"end":{"line":30,"column":87}},"type":"cond-expr","locations":[{"start":{"line":30,"column":32},"end":{"line":30,"column":60}},{"start":{"line":30,"column":63},"end":{"line":30,"column":87}}]},"3":{"loc":{"start":{"line":39,"column":2},"end":{"line":46,"column":3}},"type":"if","locations":[{"start":{"line":39,"column":2},"end":{"line":46,"column":3}}]},"4":{"loc":{"start":{"line":40,"column":4},"end":{"line":41,"column":54}},"type":"binary-expr","locations":[{"start":{"line":40,"column":4},"end":{"line":40,"column":46}},{"start":{"line":41,"column":4},"end":{"line":41,"column":54}}]}},"s":{"0":3,"1":3,"2":3,"3":3,"4":6,"5":3,"6":3,"7":3,"8":3,"9":3,"10":1,"11":1,"12":1,"13":2,"14":2,"15":2,"16":2,"17":2,"18":1,"19":1,"20":1,"21":1,"22":1},"f":{"0":6},"b":{"0":[3],"1":[1],"2":[0,2],"3":[1],"4":[2,2]}}
,"/home/runner/work/Whatsapp-Message-Forwarding-/Whatsapp-Message-Forwarding-/apps/forwarder/src/routes/config.ts": {"path":"/home/runner/work/Whatsapp-Message-Forwarding-/Whatsapp-Message-Forwarding-/apps/forwarder/src/routes/config.ts","statementMap":{"0":{"start":{"line":1,"column":0},"end":{"line":1,"column":33}},"1":{"start":{"line":2,"column":0},"end":{"line":2,"column":72}},"2":{"start":{"line":3,"column":0},"end":{"line":3,"column":62}},"3":{"start":{"line":5,"column":15},"end":{"line":5,"column":23}},"4":{"start":{"line":12,"column":0},"end":{"line":12,"column":74}},"5":{"start":{"line":14,"column":0},"end":{"line":14,"column":22}}},"fnMap":{},"branchMap":{},"s":{"0":2,"1":2,"2":2,"3":2,"4":2,"5":2},"f":{},"b":{}}
,"/home/runner/work/Whatsapp-Message-Forwarding-/Whatsapp-Message-Forwarding-/apps/forwarder/src/routes/docs.ts": {"path":"/home/runner/work/Whatsapp-Message-Forwarding-/Whatsapp-Message-Forwarding-/apps/forwarder/src/routes/docs.ts","statementMap":{"0":{"start":{"line":1,"column":0},"end":{"line":1,"column":33}},"1":{"start":{"line":2,"column":0},"end":{"line":2,"column":20}},"2":{"start":{"line":3,"column":0},"end":{"line":3,"column":24}},"3":{"start":{"line":4,"column":0},"end":{"line":4,"column":43}},"4":{"start":{"line":5,"column":0},"end":{"line":5,"column":27}},"5":{"start":{"line":7,"column":15},"end":{"line":7,"column":23}},"6":{"start":{"line":10,"column":17},"end":{"line":10,"column":59}},"7":{"start":{"line":11,"column":13},"end":{"line":11,"column":67}},"8":{"start":{"line":17,"column":0},"end":{"line":17,"column":33}},"9":{"start":{"line":18,"column":0},"end":{"line":27,"column":2}},"10":{"start":{"line":33,"column":0},"end":{"line":35,"column":3}},"11":{"start":{"line":34,"column":2},"end":{"line":34,"column":17}},"12":{"start":{"line":37,"column":0},"end":{"line":37,"column":22}}},"fnMap":{"0":{"name":"(anonymous_1)","decl":{"start":{"line":33,"column":20},"end":{"line":33,"column":21}},"loc":{"start":{"line":33,"column":34},"end":{"line":35,"column":1}}}},"branchMap":{},"s":{"0":2,"1":2,"2":2,"3":2,"4":2,"5":2,"6":2,"7":2,"8":2,"9":2,"10":2,"11":0,"12":2},"f":{"0":0},"b":{}}
,"/home/runner/work/Whatsapp-Message-Forwarding-/Whatsapp-Message-Forwarding-/apps/forwarder/src/routes/messages.ts": {"path":"/home/runner/work/Whatsapp-Message-Forwarding-/Whatsapp-Message-Forwarding-/apps/forwarder/src/routes/messages.ts","statementMap":{"0":{"start":{"line":1,"column":0},"end":{"line":1,"column":33}},"1":{"start":{"line":2,"column":0},"end":{"line":2,"column":74}},"2":{"start":{"line":3,"column":0},"end":{"line":3,"column":62}},"3":{"start":{"line":5,"column":15},"end":{"line":5,"column":23}},"4":{"start":{"line":11,"column":0},"end":{"line":11,"column":48}},"5":{"start":{"line":17,"column":0},"end":{"line":17,"column":50}},"6":{"start":{"line":19,"column":0},"end":{"line":19,"column":22}}},"fnMap":{},"branchMap":{},"s":{"0":2,"1":2,"2":2,"3":2,"4":2,"5":2,"6":2},"f":{},"b":{}}
,"/home/runner/work/Whatsapp-Message-Forwarding-/Whatsapp-Message-Forwarding-/apps/forwarder/src/routes/webhook.ts": {"path":"/home/runner/work/Whatsapp-Message-Forwarding-/Whatsapp-Message-Forwarding-/apps/forwarder/src/routes/webhook.ts","statementMap":{"0":{"start":{"line":1,"column":0},"end":{"line":1,"column":33}},"1":{"start":{"line":2,"column":0},"end":{"line":2,"column":81}},"2":{"start":{"line":3,"column":0},"end":{"line":3,"column":63}},"3":{"start":{"line":4,"column":0},"end":{"line":4,"column":72}},"4":{"start":{"line":6,"column":15},"end":{"line":6,"column":23}},"5":{"start":{"line":13,"column":0},"end":{"line":13,"column":31}},"6":{"start":{"line":20,"column":0},"end":{"line":20,"column":77}},"7":{"start":{"line":22,"column":0},"end":{"line":22,"column":22}}},"fnMap":{},"branchMap":{},"s":{"0":2,"1":2,"2":2,"3":2,"4":2,"5":2,"6":2,"7":2},"f":{},"b":{}}
,"/home/runner/work/Whatsapp-Message-Forwarding-/Whatsapp-Message-Forwarding-/apps/forwarder/src/services/filterService.ts": {"path":"/home/runner/work/Whatsapp-Message-Forwarding-/Whatsapp-Message-Forwarding-/apps/forwarder/src/services/filterService.ts","statementMap":{"0":{"start":{"line":14,"column":0},"end":{"line":14,"column":16}},"1":{"start":{"line":1,"column":0},"end":{"line":1,"column":31}},"2":{"start":{"line":2,"column":0},"end":{"line":2,"column":37}},"3":{"start":{"line":16,"column":2},"end":{"line":19,"column":3}},"4":{"start":{"line":17,"column":4},"end":{"line":17,"column":76}},"5":{"start":{"line":18,"column":4},"end":{"line":18,"column":16}},"6":{"start":{"line":21,"column":20},"end":{"line":21,"column":45}},"7":{"start":{"line":22,"column":18},"end":{"line":22,"column":86}},"8":{"start":{"line":22,"column":58},"end":{"line":22,"column":85}},"9":{"start":{"line":24,"column":2},"end":{"line":30,"column":3}},"10":{"start":{"line":25,"column":4},"end":{"line":25,"column":98}},"11":{"start":{"line":27,"column":4},"end":{"line":29,"column":6}},"12":{"start":{"line":32,"column":2},"end":{"line":32,"column":17}}},"fnMap":{"0":{"name":"passesFilter","decl":{"start":{"line":14,"column":16},"end":{"line":14,"column":28}},"loc":{"start":{"line":14,"column":48},"end":{"line":33,"column":1}}},"1":{"name":"(anonymous_2)","decl":{"start":{"line":22,"column":45},"end":{"line":22,"column":46}},"loc":{"start":{"line":22,"column":58},"end":{"line":22,"column":85}}}},"branchMap":{"0":{"loc":{"start":{"line":16,"column":2},"end":{"line":19,"column":3}},"type":"if","locations":[{"start":{"line":16,"column":2},"end":{"line":19,"column":3}}]},"1":{"loc":{"start":{"line":24,"column":2},"end":{"line":30,"column":3}},"type":"if","locations":[{"start":{"line":24,"column":2},"end":{"line":30,"column":3}},{"start":{"line":26,"column":9},"end":{"line":30,"column":3}}]}},"s":{"0":3,"1":3,"2":3,"3":4,"4":1,"5":1,"6":3,"7":3,"8":5,"9":3,"10":2,"11":1,"12":3},"f":{"0":4,"1":5},"b":{"0":[1],"1":[2,1]}}
,"/home/runner/work/Whatsapp-Message-Forwarding-/Whatsapp-Message-Forwarding-/apps/forwarder/src/services/loggerService.ts": {"path":"/home/runner/work/Whatsapp-Message-Forwarding-/Whatsapp-Message-Forwarding-/apps/forwarder/src/services/loggerService.ts","statementMap":{"0":{"start":{"line":1,"column":0},"end":{"line":1,"column":24}},"1":{"start":{"line":2,"column":0},"end":{"line":2,"column":30}},"2":{"start":{"line":3,"column":0},"end":{"line":3,"column":31}},"3":{"start":{"line":5,"column":57},"end":{"line":5,"column":71}},"4":{"start":{"line":8,"column":18},"end":{"line":10,"column":2}},"5":{"start":{"line":9,"column":2},"end":{"line":9,"column":49}},"6":{"start":{"line":13,"column":15},"end":{"line":36,"column":2}},"7":{"start":{"line":38,"column":0},"end":{"line":38,"column":22}}},"fnMap":{"0":{"name":"(anonymous_1)","decl":{"start":{"line":8,"column":25},"end":{"line":8,"column":26}},"loc":{"start":{"line":8,"column":70},"end":{"line":10,"column":1}}}},"branchMap":{"0":{"loc":{"start":{"line":9,"column":30},"end":{"line":9,"column":46}},"type":"binary-expr","locations":[{"start":{"line":9,"column":30},"end":{"line":9,"column":35}},{"start":{"line":9,"column":39},"end":{"line":9,"column":46}}]}},"s":{"0":7,"1":7,"2":7,"3":7,"4":7,"5":42,"6":7,"7":7},"f":{"0":42},"b":{"0":[42,42]}}
,"/home/runner/work/Whatsapp-Message-Forwarding-/Whatsapp-Message-Forwarding-/apps/forwarder/src/services/whatsappService.ts": {"path":"/home/runner/work/Whatsapp-Message-Forwarding-/Whatsapp-Message-Forwarding-/apps/forwarder/src/services/whatsappService.ts","statementMap":{"0":{"start":{"line":19,"column":0},"end":{"line":19,"column":7}},"1":{"start":{"line":71,"column":0},"end":{"line":71,"column":7}},"2":{"start":{"line":88,"column":0},"end":{"line":88,"column":7}},"3":{"start":{"line":1,"column":0},"end":{"line":1,"column":42}},"4":{"start":{"line":2,"column":0},"end":{"line":2,"column":31}},"5":{"start":{"line":3,"column":0},"end":{"line":3,"column":69}},"6":{"start":{"line":5,"column":0},"end":{"line":5,"column":43}},"7":{"start":{"line":6,"column":0},"end":{"line":6,"column":37}},"8":{"start":{"line":8,"column":22},"end":{"line":8,"column":56}},"9":{"start":{"line":24,"column":14},"end":{"line":24,"column":73}},"10":{"start":{"line":26,"column":38},"end":{"line":33,"column":4}},"11":{"start":{"line":35,"column":18},"end":{"line":38,"column":4}},"12":{"start":{"line":40,"column":2},"end":{"line":40,"column":58}},"13":{"start":{"line":42,"column":2},"end":{"line":59,"column":3}},"14":{"start":{"line":43,"column":4},"end":{"line":53,"column":6}},"15":{"start":{"line":45,"column":25},"end":{"line":45,"column":89}},"16":{"start":{"line":46,"column":8},"end":{"line":48,"column":10}},"17":{"start":{"line":49,"column":8},"end":{"line":49,"column":29}},"18":{"start":{"line":55,"column":23},"end":{"line":55,"column":42}},"19":{"start":{"line":56,"column":25},"end":{"line":56,"column":72}},"20":{"start":{"line":57,"column":4},"end":{"line":57,"column":79}},"21":{"start":{"line":58,"column":4},"end":{"line":58,"column":75}},"22":{"start":{"line":75,"column":20},"end":{"line":75,"column":66}},"23":{"start":{"line":76,"column":2},"end":{"line":76,"column":57}},"24":{"start":{"line":93,"column":18},"end":{"line":97,"column":null}},"25":{"start":{"line":95,"column":6},"end":{"line":95,"column":53}},"26":{"start":{"line":96,"column":6},"end":{"line":96,"column":16}},"27":{"start":{"line":100,"column":2},"end":{"line":104,"column":6}},"28":{"start":{"line":100,"column":37},"end":{"line":104,"column":4}}},"fnMap":{"0":{"name":"forwardMessageTo","decl":{"start":{"line":19,"column":22},"end":{"line":19,"column":38}},"loc":{"start":{"line":22,"column":12},"end":{"line":60,"column":1}}},"1":{"name":"(anonymous_2)","decl":{"start":{"line":44,"column":6},"end":{"line":44,"column":11}},"loc":{"start":{"line":44,"column":17},"end":{"line":50,"column":7}}},"2":{"name":"forwardMessage","decl":{"start":{"line":71,"column":22},"end":{"line":71,"column":36}},"loc":{"start":{"line":73,"column":22},"end":{"line":77,"column":1}}},"3":{"name":"forwardToMultiple","decl":{"start":{"line":88,"column":22},"end":{"line":88,"column":39}},"loc":{"start":{"line":91,"column":22},"end":{"line":105,"column":1}}},"4":{"name":"(anonymous_5)","decl":{"start":{"line":94,"column":19},"end":{"line":94,"column":24}},"loc":{"start":{"line":94,"column":32},"end":{"line":97,"column":5}}},"5":{"name":"(anonymous_6)","decl":{"start":{"line":100,"column":21},"end":{"line":100,"column":22}},"loc":{"start":{"line":100,"column":37},"end":{"line":104,"column":4}}}},"branchMap":{"0":{"loc":{"start":{"line":47,"column":49},"end":{"line":47,"column":93}},"type":"binary-expr","locations":[{"start":{"line":47,"column":49},"end":{"line":47,"column":80}},{"start":{"line":47,"column":84},"end":{"line":47,"column":93}}]},"1":{"loc":{"start":{"line":56,"column":25},"end":{"line":56,"column":72}},"type":"binary-expr","locations":[{"start":{"line":56,"column":25},"end":{"line":56,"column":50}},{"start":{"line":56,"column":54},"end":{"line":56,"column":72}}]},"2":{"loc":{"start":{"line":75,"column":20},"end":{"line":75,"column":66}},"type":"binary-expr","locations":[{"start":{"line":75,"column":20},"end":{"line":75,"column":40}},{"start":{"line":75,"column":44},"end":{"line":75,"column":66}}]},"3":{"loc":{"start":{"line":103,"column":11},"end":{"line":103,"column":86}},"type":"cond-expr","locations":[{"start":{"line":103,"column":43},"end":{"line":103,"column":74}},{"start":{"line":103,"column":77},"end":{"line":103,"column":86}}]}},"s":{"0":4,"1":4,"2":4,"3":4,"4":4,"5":4,"6":4,"7":4,"8":4,"9":10,"10":10,"11":10,"12":10,"13":10,"14":10,"15":18,"16":8,"17":6,"18":4,"19":4,"20":4,"21":4,"22":4,"23":4,"24":3,"25":4,"26":3,"27":3,"28":4},"f":{"0":10,"1":18,"2":4,"3":3,"4":4,"5":4},"b":{"0":[8,0],"1":[4,1],"2":[4,0],"3":[1,3]}}
,"/home/runner/work/Whatsapp-Message-Forwarding-/Whatsapp-Message-Forwarding-/apps/forwarder/src/utils/messageParser.ts": {"path":"/home/runner/work/Whatsapp-Message-Forwarding-/Whatsapp-Message-Forwarding-/apps/forwarder/src/utils/messageParser.ts","statementMap":{"0":{"start":{"line":12,"column":0},"end":{"line":12,"column":16}},"1":{"start":{"line":13,"column":34},"end":{"line":13,"column":36}},"2":{"start":{"line":15,"column":2},"end":{"line":33,"column":3}},"3":{"start":{"line":16,"column":4},"end":{"line":32,"column":5}},"4":{"start":{"line":17,"column":37},"end":{"line":17,"column":49}},"5":{"start":{"line":19,"column":6},"end":{"line":21,"column":7}},"6":{"start":{"line":20,"column":8},"end":{"line":20,"column":17}},"7":{"start":{"line":24,"column":25},"end":{"line":24,"column":56}},"8":{"start":{"line":26,"column":6},"end":{"line":31,"column":7}},"9":{"start":{"line":27,"column":30},"end":{"line":27,"column":63}},"10":{"start":{"line":28,"column":8},"end":{"line":30,"column":9}},"11":{"start":{"line":29,"column":10},"end":{"line":29,"column":37}},"12":{"start":{"line":35,"column":2},"end":{"line":35,"column":16}},"13":{"start":{"line":49,"column":21},"end":{"line":49,"column":49}},"14":{"start":{"line":52,"column":15},"end":{"line":52,"column":35}},"15":{"start":{"line":54,"column":2},"end":{"line":61,"column":4}},"16":{"start":{"line":71,"column":2},"end":{"line":97,"column":3}},"17":{"start":{"line":73,"column":6},"end":{"line":73,"column":38}},"18":{"start":{"line":75,"column":6},"end":{"line":75,"column":94}},"19":{"start":{"line":77,"column":6},"end":{"line":77,"column":94}},"20":{"start":{"line":79,"column":6},"end":{"line":79,"column":40}},"21":{"start":{"line":81,"column":6},"end":{"line":83,"column":32}},"22":{"start":{"line":85,"column":6},"end":{"line":85,"column":34}},"23":{"start":{"line":87,"column":6},"end":{"line":91,"column":7}},"24":{"start":{"line":88,"column":55},"end":{"line":88,"column":71}},"25":{"start":{"line":89,"column":22},"end":{"line":89,"column":67}},"26":{"start":{"line":90,"column":8},"end":{"line":90,"column":37}},"27":{"start":{"line":92,"column":6},"end":{"line":92,"column":35}},"28":{"start":{"line":94,"column":6},"end":{"line":94,"column":95}},"29":{"start":{"line":96,"column":6},"end":{"line":96,"column":42}},"30":{"start":{"line":107,"column":14},"end":{"line":107,"column":39}},"31":{"start":{"line":108,"column":2},"end":{"line":110,"column":3}},"32":{"start":{"line":109,"column":4},"end":{"line":109,"column":49}},"33":{"start":{"line":111,"column":2},"end":{"line":111,"column":13}}},"fnMap":{"0":{"name":"extractMessages","decl":{"start":{"line":12,"column":16},"end":{"line":12,"column":31}},"loc":{"start":{"line":12,"column":55},"end":{"line":36,"column":1}}},"1":{"name":"parseMessage","decl":{"start":{"line":45,"column":9},"end":{"line":45,"column":21}},"loc":{"start":{"line":47,"column":33},"end":{"line":62,"column":1}}},"2":{"name":"extractText","decl":{"start":{"line":70,"column":9},"end":{"line":70,"column":20}},"loc":{"start":{"line":70,"column":45},"end":{"line":98,"column":1}}},"3":{"name":"buildContactMap","decl":{"start":{"line":106,"column":9},"end":{"line":106,"column":24}},"loc":{"start":{"line":106,"column":51},"end":{"line":112,"column":1}}}},"branchMap":{"0":{"loc":{"start":{"line":15,"column":22},"end":{"line":15,"column":41}},"type":"binary-expr","locations":[{"start":{"line":15,"column":22},"end":{"line":15,"column":35}},{"start":{"line":15,"column":39},"end":{"line":15,"column":41}}]},"1":{"loc":{"start":{"line":16,"column":25},"end":{"line":16,"column":44}},"type":"binary-expr","locations":[{"start":{"line":16,"column":25},"end":{"line":16,"column":38}},{"start":{"line":16,"column":42},"end":{"line":16,"column":44}}]},"2":{"loc":{"start":{"line":19,"column":6},"end":{"line":21,"column":7}},"type":"if","locations":[{"start":{"line":19,"column":6},"end":{"line":21,"column":7}}]},"3":{"loc":{"start":{"line":19,"column":10},"end":{"line":19,"column":44}},"type":"binary-expr","locations":[{"start":{"line":19,"column":10},"end":{"line":19,"column":19}},{"start":{"line":19,"column":23},"end":{"line":19,"column":44}}]},"4":{"loc":{"start":{"line":24,"column":41},"end":{"line":24,"column":55}},"type":"binary-expr","locations":[{"start":{"line":24,"column":41},"end":{"line":24,"column":49}},{"start":{"line":24,"column":53},"end":{"line":24,"column":55}}]},"5":{"loc":{"start":{"line":28,"column":8},"end":{"line":30,"column":9}},"type":"if","locations":[{"start":{"line":28,"column":8},"end":{"line":30,"column":9}}]},"6":{"loc":{"start":{"line":71,"column":2},"end":{"line":97,"column":3}},"type":"switch","locations":[{"start":{"line":72,"column":4},"end":{"line":73,"column":38}},{"start":{"line":74,"column":4},"end":{"line":75,"column":94}},{"start":{"line":76,"column":4},"end":{"line":77,"column":94}},{"start":{"line":78,"column":4},"end":{"line":79,"column":40}},{"start":{"line":80,"column":4},"end":{"line":83,"column":32}},{"start":{"line":84,"column":4},"end":{"line":85,"column":34}},{"start":{"line":86,"column":4},"end":{"line":92,"column":35}},{"start":{"line":93,"column":4},"end":{"line":94,"column":95}},{"start":{"line":95,"column":4},"end":{"line":96,"column":42}}]},"7":{"loc":{"start":{"line":73,"column":13},"end":{"line":73,"column":37}},"type":"binary-expr","locations":[{"start":{"line":73,"column":13},"end":{"line":73,"column":31}},{"start":{"line":73,"column":35},"end":{"line":73,"column":37}}]},"8":{"loc":{"start":{"line":75,"column":13},"end":{"line":75,"column":93}},"type":"cond-expr","locations":[{"start":{"line":75,"column":38},"end":{"line":75,"column":72}},{"start":{"line":75,"column":75},"end":{"line":75,"column":93}}]},"9":{"loc":{"start":{"line":77,"column":13},"end":{"line":77,"column":93}},"type":"cond-expr","locations":[{"start":{"line":77,"column":38},"end":{"line":77,"column":72}},{"start":{"line":77,"column":75},"end":{"line":77,"column":93}}]},"10":{"loc":{"start":{"line":81,"column":13},"end":{"line":83,"column":31}},"type":"cond-expr","locations":[{"start":{"line":82,"column":10},"end":{"line":82,"column":50}},{"start":{"line":83,"column":10},"end":{"line":83,"column":31}}]},"11":{"loc":{"start":{"line":87,"column":6},"end":{"line":91,"column":7}},"type":"if","locations":[{"start":{"line":87,"column":6},"end":{"line":91,"column":7}}]},"12":{"loc":{"start":{"line":89,"column":22},"end":{"line":89,"column":67}},"type":"binary-expr","locations":[{"start":{"line":89,"column":22},"end":{"line":89,"column":26}},{"start":{"line":89,"column":30},"end":{"line":89,"column":37}},{"start":{"line":89,"column":41},"end":{"line":89,"column":67}}]},"13":{"loc":{"start":{"line":94,"column":13},"end":{"line":94,"column":94}},"type":"cond-expr","locations":[{"start":{"line":94,"column":32},"end":{"line":94,"column":70}},{"start":{"line":94,"column":73},"end":{"line":94,"column":94}}]}},"s":{"0":3,"1":5,"2":5,"3":3,"4":3,"5":3,"6":1,"7":2,"8":2,"9":2,"10":2,"11":2,"12":5,"13":2,"14":2,"15":2,"16":2,"17":2,"18":0,"19":0,"20":0,"21":0,"22":0,"23":0,"24":0,"25":0,"26":0,"27":0,"28":0,"29":0,"30":2,"31":2,"32":1,"33":2},"f":{"0":5,"1":2,"2":2,"3":2},"b":{"0":[5,0],"1":[3,0],"2":[1],"3":[3,2],"4":[2,1],"5":[2],"6":[2,0,0,0,0,0,0,0,0],"7":[2,0],"8":[0,0],"9":[0,0],"10":[0,0],"11":[0],"12":[0,0,0],"13":[0,0]}}
,"/home/runner/work/Whatsapp-Message-Forwarding-/Whatsapp-Message-Forwarding-/apps/forwarder/src/utils/retry.ts": {"path":"/home/runner/work/Whatsapp-Message-Forwarding-/Whatsapp-Message-Forwarding-/apps/forwarder/src/utils/retry.ts","statementMap":{"0":{"start":{"line":10,"column":0},"end":{"line":10,"column":7}},"1":{"start":{"line":17,"column":2},"end":{"line":30,"column":3}},"2":{"start":{"line":17,"column":21},"end":{"line":17,"column":22}},"3":{"start":{"line":18,"column":4},"end":{"line":29,"column":5}},"4":{"start":{"line":19,"column":6},"end":{"line":19,"column":24}},"5":{"start":{"line":21,"column":6},"end":{"line":21,"column":33}},"6":{"start":{"line":23,"column":6},"end":{"line":25,"column":7}},"7":{"start":{"line":24,"column":8},"end":{"line":24,"column":14}},"8":{"start":{"line":27,"column":20},"end":{"line":27,"column":58}},"9":{"start":{"line":28,"column":6},"end":{"line":28,"column":65}},"10":{"start":{"line":28,"column":37},"end":{"line":28,"column":63}},"11":{"start":{"line":32,"column":2},"end":{"line":32,"column":19}}},"fnMap":{"0":{"name":"withRetry","decl":{"start":{"line":10,"column":22},"end":{"line":10,"column":31}},"loc":{"start":{"line":13,"column":28},"end":{"line":33,"column":1}}},"1":{"name":"(anonymous_1)","decl":{"start":{"line":28,"column":24},"end":{"line":28,"column":25}},"loc":{"start":{"line":28,"column":37},"end":{"line":28,"column":63}}}},"branchMap":{"0":{"loc":{"start":{"line":12,"column":2},"end":{"line":12,"column":25}},"type":"default-arg","locations":[{"start":{"line":12,"column":24},"end":{"line":12,"column":25}}]},"1":{"loc":{"start":{"line":13,"column":2},"end":{"line":13,"column":28}},"type":"default-arg","locations":[{"start":{"line":13,"column":24},"end":{"line":13,"column":28}}]},"2":{"loc":{"start":{"line":23,"column":6},"end":{"line":25,"column":7}},"type":"if","locations":[{"start":{"line":23,"column":6},"end":{"line":25,"column":7}}]}},"s":{"0":5,"1":14,"2":14,"3":25,"4":25,"5":17,"6":17,"7":6,"8":11,"9":11,"10":11,"11":6},"f":{"0":14,"1":11},"b":{"0":[0],"1":[0],"2":[6]}}
}
