TN:
SF:src/index.ts
FN:15,(anonymous_1)
FN:22,(anonymous_2)
FN:39,(anonymous_3)
FN:46,(anonymous_4)
FNF:4
FNH:1
FNDA:2,(anonymous_1)
FNDA:0,(anonymous_2)
FNDA:0,(anonymous_3)
FNDA:0,(anonymous_4)
DA:1,2
DA:2,2
DA:3,2
DA:4,2
DA:5,2
DA:6,2
DA:7,2
DA:8,2
DA:10,2
DA:13,2
DA:16,2
DA:22,2
DA:23,0
DA:27,2
DA:30,2
DA:33,2
DA:36,2
DA:39,2
DA:40,0
DA:44,2
DA:45,0
DA:46,0
DA:47,0
DA:48,0
DA:49,0
DA:50,0
DA:51,0
DA:52,0
DA:60,2
LF:29
LH:19
BRDA:44,0,0,0
BRDA:53,1,0,0
BRDA:53,1,1,0
BRF:3
BRH:0
end_of_record
TN:
SF:src/config/index.ts
FN:10,requireEnv
FN:41,(anonymous_2)
FN:54,(anonymous_3)
FN:55,(anonymous_4)
FNF:4
FNH:3
FNDA:28,requireEnv
FNDA:0,(anonymous_2)
FNDA:7,(anonymous_3)
FNDA:7,(anonymous_4)
DA:1,7
DA:2,7
DA:5,7
DA:11,28
DA:12,28
DA:13,0
DA:15,28
DA:18,7
DA:41,0
DA:54,7
DA:55,7
DA:64,7
LF:12
LH:10
BRDA:12,0,0,0
BRDA:32,1,0,7
BRDA:32,1,1,7
BRDA:38,2,0,0
BRDA:38,2,1,7
BRDA:46,3,0,7
BRDA:46,3,1,0
BRDA:49,4,0,7
BRDA:49,4,1,7
BRDA:52,5,0,7
BRDA:52,5,1,7
BRDA:58,6,0,7
BRDA:58,6,1,7
BRDA:61,7,0,7
BRDA:61,7,1,7
BRF:15
BRH:12
end_of_record
TN:
SF:src/controllers/configController.ts
FN:11,getForwardToNumber
FN:26,updateForwardToNumber
FNF:2
FNH:2
FNDA:5,getForwardToNumber
FNDA:7,updateForwardToNumber
DA:2,5
DA:3,5
DA:6,5
DA:11,5
DA:12,5
DA:26,5
DA:27,7
DA:30,7
DA:31,7
DA:32,2
DA:33,2
DA:34,2
DA:38,5
DA:39,1
DA:40,1
DA:44,4
DA:45,4
DA:46,2
DA:50,2
DA:53,2
DA:54,2
DA:55,2
DA:57,2
DA:59,2
LF:24
LH:24
BRDA:31,0,0,2
BRDA:31,1,0,7
BRDA:31,1,1,7
BRDA:38,2,0,1
BRDA:45,3,0,2
BRDA:45,4,0,4
BRDA:45,4,1,3
BRF:7
BRH:7
end_of_record
TN:
SF:src/controllers/messagesController.ts
FN:8,getMessages
FN:30,getStats
FNF:2
FNH:2
FNDA:4,getMessages
FNDA:2,getStats
DA:2,2
DA:8,2
DA:9,4
DA:10,4
DA:12,4
DA:13,4
DA:15,4
DA:30,2
DA:31,2
DA:32,2
LF:10
LH:10
BRDA:9,0,0,4
BRDA:9,0,1,0
BRDA:9,1,0,4
BRDA:9,1,1,3
BRDA:10,2,0,4
BRDA:10,2,1,4
BRDA:10,3,0,4
BRDA:10,3,1,3
BRF:8
BRH:7
end_of_record
TN:
SF:src/controllers/webhookController.ts
FN:22,verifyWebhook
FN:51,receiveWebhook
FN:99,(anonymous_3)
FNF:3
FNH:2
FNDA:3,verifyWebhook
FNDA:2,receiveWebhook
FNDA:0,(anonymous_3)
DA:2,2
DA:3,2
DA:4,2
DA:5,2
DA:6,2
DA:7,2
DA:9,2
DA:10,2
DA:22,2
DA:23,3
DA:24,3
DA:25,3
DA:27,3
DA:29,3
DA:30,1
DA:31,1
DA:33,2
DA:34,2
DA:51,2
DA:53,2
DA:55,2
DA:58,2
DA:59,1
DA:60,1
DA:63,1
DA:65,1
DA:66,1
DA:67,1
DA:70,0
DA:72,0
DA:73,0
DA:77,0
DA:82,0
DA:84,0
DA:85,0
DA:88,0
DA:92,0
DA:94,0
DA:98,0
DA:99,0
DA:100,0
DA:101,0
DA:103,0
DA:105,0
DA:115,0
LF:45
LH:28
BRDA:29,0,0,1
BRDA:29,0,1,2
BRDA:29,1,0,3
BRDA:29,1,1,2
BRDA:58,2,0,1
BRDA:65,3,0,1
BRDA:73,4,0,0
BRDA:73,4,1,0
BRDA:84,5,0,0
BRDA:94,6,0,0
BRDA:94,6,1,0
BRDA:96,7,0,0
BRDA:96,7,1,0
BRDA:100,8,0,0
BRDA:100,8,1,0
BRDA:110,9,0,0
BRDA:110,9,1,0
BRF:17
BRH:6
end_of_record
TN:
SF:src/db/configStore.ts
FN:10,getPersistedForwardToNumber
FN:18,persistForwardToNumber
FN:26,getConfigValue
FN:42,setConfigValue
FNF:4
FNH:4
FNDA:5,getPersistedForwardToNumber
FNDA:2,persistForwardToNumber
FNDA:5,getConfigValue
FNDA:2,setConfigValue
DA:1,5
DA:3,5
DA:10,5
DA:11,5
DA:18,5
DA:19,2
DA:26,5
DA:27,5
DA:28,5
DA:29,1
DA:32,0
DA:34,5
DA:42,5
DA:43,2
DA:44,2
DA:45,0
LF:16
LH:14
BRDA:11,0,0,5
BRDA:11,0,1,5
BRDA:11,0,2,0
BRDA:32,1,0,0
BRDA:32,1,1,0
BRF:5
BRH:2
end_of_record
TN:
SF:src/db/database.ts
FN:13,initDatabase
FN:54,getDatabase
FNF:2
FNH:1
FNDA:0,initDatabase
FNDA:6,getDatabase
DA:1,4
DA:2,4
DA:3,4
DA:5,4
DA:7,4
DA:13,4
DA:14,0
DA:15,0
DA:17,0
DA:18,0
DA:21,0
DA:24,0
DA:27,0
DA:36,0
DA:54,4
DA:55,6
DA:56,6
DA:58,0
LF:18
LH:9
BRDA:7,0,0,4
BRDA:7,0,1,4
BRDA:17,1,0,0
BRDA:55,2,0,6
BRF:4
BRH:3
end_of_record
TN:
SF:src/db/messageStore.ts
FN:26,logMessage
FN:45,getMessageLogs
FN:55,getMessageLogCount
FN:66,getMessageStats
FNF:4
FNH:4
FNDA:23,logMessage
FNDA:8,getMessageLogs
FNDA:6,getMessageLogCount
FNDA:4,getMessageStats
DA:1,3
DA:26,3
DA:27,23
DA:28,23
DA:45,3
DA:46,8
DA:47,8
DA:55,3
DA:56,6
DA:57,6
DA:60,6
DA:66,3
DA:67,4
DA:68,4
DA:77,4
LF:15
LH:15
BRDA:35,0,0,23
BRDA:35,0,1,22
BRDA:37,1,0,23
BRDA:37,1,1,22
BRDA:45,2,0,0
BRDA:45,3,0,0
BRDA:79,4,0,4
BRDA:79,4,1,2
BRDA:80,5,0,4
BRDA:80,5,1,2
BRF:10
BRH:8
end_of_record
TN:
SF:src/middleware/rateLimiter.ts
FN:14,(anonymous_1)
FNF:1
FNH:1
FNDA:2,(anonymous_1)
DA:1,2
DA:8,2
DA:14,2
DA:22,2
LF:4
LH:4
BRF:0
BRH:0
end_of_record
TN:
SF:src/middleware/webhookSignature.ts
FN:11,verifyWebhookSignature
FNF:1
FNH:1
FNDA:6,verifyWebhookSignature
DA:1,3
DA:3,3
DA:4,3
DA:11,3
DA:12,6
DA:13,3
DA:16,3
DA:17,3
DA:20,3
DA:22,3
DA:23,1
DA:24,1
DA:25,1
DA:30,2
DA:31,2
DA:36,2
DA:37,2
DA:39,2
DA:43,1
DA:44,1
DA:45,1
DA:48,1
DA:49,1
LF:23
LH:23
BRDA:12,0,0,3
BRDA:22,1,0,1
BRDA:30,2,0,0
BRDA:30,2,1,2
BRDA:39,3,0,1
BRDA:40,4,0,2
BRDA:40,4,1,2
BRF:7
BRH:6
end_of_record
TN:
SF:src/routes/config.ts
FNF:0
FNH:0
DA:1,2
DA:2,2
DA:3,2
DA:5,2
DA:12,2
DA:14,2
LF:6
LH:6
BRF:0
BRH:0
end_of_record
TN:
SF:src/routes/docs.ts
FN:33,(anonymous_1)
FNF:1
FNH:0
FNDA:0,(anonymous_1)
DA:1,2
DA:2,2
DA:3,2
DA:4,2
DA:5,2
DA:7,2
DA:10,2
DA:11,2
DA:17,2
DA:18,2
DA:33,2
DA:34,0
DA:37,2
LF:13
LH:12
BRF:0
BRH:0
end_of_record
TN:
SF:src/routes/messages.ts
FNF:0
FNH:0
DA:1,2
DA:2,2
DA:3,2
DA:5,2
DA:11,2
DA:17,2
DA:19,2
LF:7
LH:7
BRF:0
BRH:0
end_of_record
TN:
SF:src/routes/webhook.ts
FNF:0
FNH:0
DA:1,2
DA:2,2
DA:3,2
DA:4,2
DA:6,2
DA:13,2
DA:20,2
DA:22,2
LF:8
LH:8
BRF:0
BRH:0
end_of_record
TN:
SF:src/services/filterService.ts
FN:14,passesFilter
FN:22,(anonymous_2)
FNF:2
FNH:2
FNDA:4,passesFilter
FNDA:5,(anonymous_2)
DA:1,3
DA:2,3
DA:14,3
DA:16,4
DA:17,1
DA:18,1
DA:21,3
DA:22,5
DA:24,3
DA:25,2
DA:27,1
DA:32,3
LF:12
LH:12
BRDA:16,0,0,1
BRDA:24,1,0,2
BRDA:24,1,1,1
BRF:3
BRH:3
end_of_record
TN:
SF:src/services/loggerService.ts
FN:8,(anonymous_1)
FNF:1
FNH:1
FNDA:42,(anonymous_1)
DA:1,7
DA:2,7
DA:3,7
DA:5,7
DA:8,7
DA:9,42
DA:13,7
DA:38,7
LF:8
LH:8
BRDA:9,0,0,42
BRDA:9,0,1,42
BRF:2
BRH:2
end_of_record
TN:
SF:src/services/whatsappService.ts
FN:19,forwardMessageTo
FN:44,(anonymous_2)
FN:71,forwardMessage
FN:88,forwardToMultiple
FN:94,(anonymous_5)
FN:100,(anonymous_6)
FNF:6
FNH:6
FNDA:10,forwardMessageTo
FNDA:18,(anonymous_2)
FNDA:4,forwardMessage
FNDA:3,forwardToMultiple
FNDA:4,(anonymous_5)
FNDA:4,(anonymous_6)
DA:1,4
DA:2,4
DA:3,4
DA:5,4
DA:6,4
DA:8,4
DA:19,4
DA:24,10
DA:26,10
DA:35,10
DA:40,10
DA:42,10
DA:43,10
DA:45,18
DA:46,8
DA:49,6
DA:55,4
DA:56,4
DA:57,4
DA:58,4
DA:71,4
DA:75,4
DA:76,4
DA:88,4
DA:93,3
DA:95,4
DA:96,3
DA:100,4
LF:28
LH:28
BRDA:47,0,0,8
BRDA:47,0,1,0
BRDA:56,1,0,4
BRDA:56,1,1,1
BRDA:75,2,0,4
BRDA:75,2,1,0
BRDA:103,3,0,1
BRDA:103,3,1,3
BRF:8
BRH:6
end_of_record
TN:
SF:src/utils/messageParser.ts
FN:12,extractMessages
FN:45,parseMessage
FN:70,extractText
FN:106,buildContactMap
FNF:4
FNH:4
FNDA:5,extractMessages
FNDA:2,parseMessage
FNDA:2,extractText
FNDA:2,buildContactMap
DA:12,3
DA:13,5
DA:15,5
DA:16,3
DA:17,3
DA:19,3
DA:20,1
DA:24,2
DA:26,2
DA:27,2
DA:28,2
DA:29,2
DA:35,5
DA:49,2
DA:52,2
DA:54,2
DA:71,2
DA:73,2
DA:75,0
DA:77,0
DA:79,0
DA:81,0
DA:85,0
DA:87,0
DA:88,0
DA:89,0
DA:90,0
DA:92,0
DA:94,0
DA:96,0
DA:107,2
DA:108,2
DA:109,1
DA:111,2
LF:34
LH:22
BRDA:15,0,0,5
BRDA:15,0,1,0
BRDA:16,1,0,3
BRDA:16,1,1,0
BRDA:19,2,0,1
BRDA:19,3,0,3
BRDA:19,3,1,2
BRDA:24,4,0,2
BRDA:24,4,1,1
BRDA:28,5,0,2
BRDA:71,6,0,2
BRDA:71,6,1,0
BRDA:71,6,2,0
BRDA:71,6,3,0
BRDA:71,6,4,0
BRDA:71,6,5,0
BRDA:71,6,6,0
BRDA:71,6,7,0
BRDA:71,6,8,0
BRDA:73,7,0,2
BRDA:73,7,1,0
BRDA:75,8,0,0
BRDA:75,8,1,0
BRDA:77,9,0,0
BRDA:77,9,1,0
BRDA:81,10,0,0
BRDA:81,10,1,0
BRDA:87,11,0,0
BRDA:89,12,0,0
BRDA:89,12,1,0
BRDA:89,12,2,0
BRDA:94,13,0,0
BRDA:94,13,1,0
BRF:33
BRH:10
end_of_record
TN:
SF:src/utils/retry.ts
FN:10,withRetry
FN:28,(anonymous_1)
FNF:2
FNH:2
FNDA:14,withRetry
FNDA:11,(anonymous_1)
DA:10,5
DA:17,14
DA:18,25
DA:19,25
DA:21,17
DA:23,17
DA:24,6
DA:27,11
DA:28,11
DA:32,6
LF:10
LH:10
BRDA:12,0,0,0
BRDA:13,1,0,0
BRDA:23,2,0,6
BRF:3
BRH:1
end_of_record
